<?xml version="1.0" encoding="UTF-8"?>
<!-- Generated by org.testng.reporters.JUnitXMLReporter -->
<testsuite hostname="DESKTOP-RKIIGUA" ignored="0" name="Default test" tests="3" failures="0" timestamp="30 Sep 2020 18:17:32 GMT" time="32.388" errors="0">
  <testcase name="validateLoginPageTitleTest" time="0.024" classname="com.mercury.qa.Test.LoginPageMercuryTest"/>
  <testcase name="validateMercuryLogotest" time="1.408" classname="com.mercury.qa.Test.LoginPageMercuryTest"/>
  <testcase name="validateLoginTest" time="1.303" classname="com.mercury.qa.Test.LoginPageMercuryTest"/>
</testsuite> <!-- Default test -->
